(genpose2) bash-5.1# bash scripts/eval_single_om.sh 
291 images found.
Loading OM model: om_models/scorenet.om
[INFO] acl init success
[INFO] open device 0 success
[INFO] create new context
[INFO] load model om_models/scorenet.om success
[INFO] create model description success
✓ OM model loaded successfully
Loading PointNet2 OM model: om_models/pointnet2_from_score.om
[INFO] create new context
[INFO] load model om_models/pointnet2_from_score.om success
[INFO] create model description success
✓ PointNet2 OM model loaded successfully

Running unified decoupled inference (OM)...
score sampling:   0%|                                                                                                                                                                                      | 0/72 [00:00<?, ?it/s]Loading DINOv2 OM model: om_models/dinov2_vits14.om
Loading DINOv2 OM model: om_models/dinov2_vits14.om
[INFO] create new context
[INFO] load model om_models/dinov2_vits14.om success
[INFO] create model description success
✓ DINOv2 OM model loaded successfully
DINOv2 OM loaded successfully
score sampling: 100%|█████████████████████████████████████████████████████████████████████████████████████████████████████████████████████████████████████████████████████████████████████████████| 72/72 [12:28<00:00, 10.39s/it]
Unified decoupled inference complete! (OM)
[INFO] unload model success, model Id is 1
[INFO] unload model success, model Id is 2
Loading EnergyNet OM model: om_models/energynet.om
[INFO] create new context
[INFO] load model om_models/energynet.om success
[INFO] create model description success
✓ EnergyNet OM model loaded successfully
Loading PointNet2 OM model: om_models/pointnet2_from_energy.om
[INFO] create new context
[INFO] load model om_models/pointnet2_from_energy.om success
[INFO] create model description success
✓ PointNet2 OM model loaded successfully
Using EnergyNet OM: om_models/energynet.om
Using PointNet2 (from energy): om_models/pointnet2_from_energy.om
energy: 100%|█████████████████████████████████████████████████████████████████████████████████████████████████████████████████████████████████████████████████████████████████████████████████████| 72/72 [07:18<00:00,  6.08s/it]
aggregate: 9it [00:01,  8.21it/s][INFO] unload model success, model Id is 4
[INFO] unload model success, model Id is 5
aggregate: 72it [00:34,  2.06it/s]
Loading ScaleNet OM model: om_models/scalenet.om
[INFO] create new context
[INFO] load model om_models/scalenet.om success
[INFO] create model description success
✓ ScaleNet OM model loaded successfully
Using ScaleNet OM: om_models/scalenet.om
scale: 100%|██████████████████████████████████████████████████████████████████████████████████████████████████████████████████████████████████████████████████████████████████████████████████████| 72/72 [00:17<00:00,  4.03it/s]
detect match:  10%|█████████████████                                                                                                                                                               | 7/72 [00:02<00:14,  4.44it/s][INFO] unload model success, model Id is 6
detect match: 100%|███████████████████████████████████████████████████████████████████████████████████████████████████████████████████████████████████████████████████████████████████████████████| 72/72 [00:17<00:00,  4.09it/s]
calibrate: 100%|█████████████████████████████████████████████████████████████████████████████████████████████████████████████████████████████████████████████████████████████████████████████| 1152/1152 [00:03<00:00, 337.56it/s]
iou: 100%|███████████████████████████████████████████████████████████████████████████████████████████████████████████████████████████████████████████████████████████████████████████████████| 1152/1152 [00:10<00:00, 112.52it/s]
cls metrics: 100%|██████████████████████████████████████████████████████████████████████████████████████████████████████████████████████████████████████████████████████████████████████████████████| 4/4 [00:09<00:00,  2.42s/it]
iou_mean: 0.3074888382282065
iou_acc (0.25, 0.50, 0.75): [0.47916666666666674, 0.33159722222222227, 0.058159722222222224]
deg_mean: 8.781317304809319
sht_mean: 2.6334983200771993
pose_acc [(5, 2), (5, 5), (10, 2), (10, 5)]: [0.3012152777777778, 0.41927083333333326, 0.359375, 0.5303819444444444]
AUC @ IoU 25: 0.20520833333333335
AUC @ IoU 50: 0.10497395833333334
AUC @ IoU 75: 0.013559027777777774
VUS @ 5 deg 2 cm: 0.1422386284722222
VUS @ 5 deg 5 cm: 0.19575737847222224
VUS @ 10 deg 2 cm: 0.2012527777777778
VUS @ 10 deg 5 cm: 0.2697125868055556

============================================================
Performance Statistics
============================================================

Score Network:
  Total batches: 72
  Total samples: 1152
  Total time: 736.927s
  Avg batch time: 10.235s
  FPS: 1.563
  Avg latency per sample: 639.69ms

Energy Network:
  Total batches: 72
  Total samples: 1152
  Total time: 428.073s
  Avg batch time: 5.945s
  FPS: 2.691
  Avg latency per sample: 371.59ms

Pose Aggregation:
  Total batches: 72
  Total samples: 1152
  Total time: 8.858s
  Avg batch time: 0.123s
  FPS: 130.047
  Avg latency per sample: 7.69ms

Scale Network:
  Total batches: 72
  Total samples: 1152
  Total time: 0.108s
  Avg batch time: 0.001s
  FPS: 10707.010
  Avg latency per sample: 0.09ms

============================================================
Overall Pipeline:
  Total samples: 1152
  Total time: 1173.966s
  Overall FPS: 0.981
  Avg latency per sample: 1019.07ms
============================================================
[INFO] unload model success, model Id is 3
[INFO] end to reset device 0
[INFO] end to finalize acl